Using input_dir: /Users/cyd/Documents/GitHub/metaLC/starting_kit/sample_data/
Using output_dir: /Users/cyd/Documents/GitHub/metaLC/starting_kit/output/
Using train_data_dir: /Users/cyd/Documents/GitHub/metaLC/starting_kit/sample_data/train
Using validation_data_dir: /Users/cyd/Documents/GitHub/metaLC/starting_kit/sample_data/validation
Using test_data_dir: /Users/cyd/Documents/GitHub/metaLC/starting_kit/sample_data/test
Using meta_features_dir: /Users/cyd/Documents/GitHub/metaLC/starting_kit/sample_data/dataset_meta_features
Using algorithms_meta_features_dir: /Users/cyd/Documents/GitHub/metaLC/starting_kit/sample_data/algorithms_meta_features
Using output_from_ingestion_program_dir: /Users/cyd/Documents/GitHub/metaLC/starting_kit/output/

#====================== Results on dataset: 0 ======================#
   A    p       t R_train_A_p R_validation_A_p R_test_A_p  cumulative_t test_score_of_best_algorithm_so_far  normalized_cumulative_t
0  2  0.2  1000.0        None             None       None        1000.0                                None                      1.0

alc = 0.0

final score = 0

#====================== Results on dataset: 1 ======================#
   A    p       t R_train_A_p R_validation_A_p R_test_A_p  cumulative_t test_score_of_best_algorithm_so_far  normalized_cumulative_t
0  2  0.2  1400.0        None             None       None        1400.0                                None                      1.0

alc = 0.0

final score = 0

#====================== Results on dataset: 2 ======================#
    A    p       t R_train_A_p R_validation_A_p R_test_A_p  cumulative_t  test_score_of_best_algorithm_so_far  normalized_cumulative_t
0   2  0.2  442.21        0.85             0.38        0.3        442.21                                  0.3                     0.68
1  18  0.2  522.22         1.0             0.47        0.4        964.43                                  0.4                     0.91
2  26  0.2  335.57        None             None       None       1300.00                                  0.4                     1.00

alc = 0.1

final score = 0.4

#====================== Results on dataset: 3 ======================#
   A    p       t R_train_A_p R_validation_A_p R_test_A_p  cumulative_t test_score_of_best_algorithm_so_far  normalized_cumulative_t
0  2  0.2  1000.0        None             None       None        1000.0                                None                      1.0

alc = 0.0

final score = 0

#====================== Results on dataset: 4 ======================#
    A    p       t R_train_A_p R_validation_A_p R_test_A_p  cumulative_t  test_score_of_best_algorithm_so_far  normalized_cumulative_t
0   2  0.2  207.07        0.75              0.3       0.24        207.07                                 0.24                     0.59
1  18  0.2  236.17        0.96              0.5       0.45        443.24                                 0.45                     0.84
2  26  0.2  256.76        None             None       None        700.00                                 0.45                     1.00

alc = 0.13

final score = 0.45

#====================== Results on dataset: 5 ======================#
    A    p       t R_train_A_p R_validation_A_p R_test_A_p  cumulative_t  test_score_of_best_algorithm_so_far  normalized_cumulative_t
0   2  0.1  100.91        0.87             0.42       0.33        100.91                                 0.33                     0.34
1  18  0.2  259.93        0.81             0.39       0.32        360.84                                 0.33                     0.68
2  26  0.2  252.69        0.76             0.28       0.21        613.53                                 0.33                     0.84
3   6  0.2  339.91        0.97             0.41       0.35        953.44                                 0.33                     0.98
4   4  0.1   46.56        None             None       None       1000.00                                 0.33                     1.00

alc = 0.22

final score = 0.33

#====================== Results on dataset: 6 ======================#
   A    p       t R_train_A_p R_validation_A_p R_test_A_p  cumulative_t test_score_of_best_algorithm_so_far  normalized_cumulative_t
0  2  0.2  1300.0        None             None       None        1300.0                                None                      1.0

alc = 0.0

final score = 0

#====================== Results on dataset: 7 ======================#
    A    p       t R_train_A_p R_validation_A_p R_test_A_p  cumulative_t  test_score_of_best_algorithm_so_far  normalized_cumulative_t
0   2  0.1  135.04        0.79             0.31       0.21        135.04                                 0.21                     0.44
1  18  0.1  276.39        0.97             0.51       0.41        411.43                                 0.41                     0.77
2  26  0.1  388.57        None             None       None        800.00                                 0.41                     1.00

alc = 0.16

final score = 0.41

#====================== Results on dataset: 8 ======================#
   A    p      t R_train_A_p R_validation_A_p R_test_A_p  cumulative_t test_score_of_best_algorithm_so_far  normalized_cumulative_t
0  2  0.2  700.0        None             None       None         700.0                                None                      1.0

alc = 0.0

final score = 0

#====================== Results on dataset: 9 ======================#
    A    p       t R_train_A_p R_validation_A_p R_test_A_p  cumulative_t  test_score_of_best_algorithm_so_far  normalized_cumulative_t
0   2  0.2  437.92         1.0             0.47        0.4        437.92                                  0.4                     0.68
1  18  0.2  862.08        None             None       None       1300.00                                  0.4                     1.00

alc = 0.13

final score = 0.4

#====================== Results on dataset: 10 ======================#
    A    p       t R_train_A_p R_validation_A_p R_test_A_p  cumulative_t  test_score_of_best_algorithm_so_far  normalized_cumulative_t
0   2  0.2  508.00        0.82             0.33       0.28        508.00                                 0.28                     0.78
1  18  0.2  403.13         1.0             0.49       0.43        911.13                                 0.43                     0.97
2  26  0.2   88.87        None             None       None       1000.00                                 0.43                     1.00

alc = 0.07

final score = 0.43

#====================== Results on dataset: 11 ======================#
    A    p       t R_train_A_p R_validation_A_p R_test_A_p  cumulative_t  test_score_of_best_algorithm_so_far  normalized_cumulative_t
0   2  0.1  103.97        0.83              0.4       0.33        103.97                                 0.33                     0.38
1  18  0.2  696.03        None             None       None        800.00                                 0.33                     1.00

alc = 0.2

final score = 0.33

#====================== Results on dataset: 12 ======================#
    A    p       t R_train_A_p R_validation_A_p R_test_A_p  cumulative_t  test_score_of_best_algorithm_so_far  normalized_cumulative_t
0   2  0.1  141.32        0.89             0.42       0.32        141.32                                 0.32                     0.45
1  18  0.1  201.61        0.67             0.24       0.17        342.93                                 0.32                     0.72
2  26  0.2  457.07        None             None       None        800.00                                 0.32                     1.00

alc = 0.18

final score = 0.32

#====================== Results on dataset: 13 ======================#
   A    p      t R_train_A_p R_validation_A_p R_test_A_p  cumulative_t test_score_of_best_algorithm_so_far  normalized_cumulative_t
0  2  0.1  700.0        None             None       None         700.0                                None                      1.0

alc = 0.0

final score = 0

#====================== Results on dataset: 14 ======================#
    A    p       t R_train_A_p R_validation_A_p R_test_A_p  cumulative_t  test_score_of_best_algorithm_so_far  normalized_cumulative_t
0   2  0.2  229.28        0.77             0.35       0.26        229.28                                 0.26                     0.59
1  18  0.2  406.61        0.66             0.09      -0.01        635.89                                 0.26                     0.92
2  26  0.2  164.11        None             None       None        800.00                                 0.26                     1.00

alc = 0.11

final score = 0.26

#====================== Results on dataset: 15 ======================#
   A    p      t R_train_A_p R_validation_A_p R_test_A_p  cumulative_t test_score_of_best_algorithm_so_far  normalized_cumulative_t
0  2  0.2  900.0        None             None       None         900.0                                None                      1.0

alc = 0.0

final score = 0

#====================== Results on dataset: 16 ======================#
    A    p       t R_train_A_p R_validation_A_p R_test_A_p  cumulative_t  test_score_of_best_algorithm_so_far  normalized_cumulative_t
0   2  0.2  264.47        0.89             0.47       0.39        264.47                                 0.39                     0.61
1  18  0.1  635.53        None             None       None        900.00                                 0.39                     1.00

alc = 0.15

final score = 0.39

#====================== Results on dataset: 17 ======================#
    A    p       t R_train_A_p R_validation_A_p R_test_A_p  cumulative_t  test_score_of_best_algorithm_so_far  normalized_cumulative_t
0   2  0.2  314.69        0.83             0.39       0.32        314.69                                 0.32                     0.57
1  18  0.2  283.24        0.68             0.21       0.15        597.93                                 0.32                     0.75
2  26  0.2  469.24        0.84             0.38       0.29       1067.17                                 0.32                     0.92
3   6  0.2  288.25        0.79             0.26       0.18       1355.42                                 0.32                     0.99
4   4  0.2   44.58        None             None       None       1400.00                                 0.32                     1.00

alc = 0.14

final score = 0.32

#====================== Results on dataset: 18 ======================#
    A    p       t R_train_A_p R_validation_A_p R_test_A_p  cumulative_t  test_score_of_best_algorithm_so_far  normalized_cumulative_t
0   2  0.1  145.33        0.61             0.04      -0.02        145.33                                -0.02                     0.43
1  18  0.1  342.11        0.92             0.37       0.28        487.44                                 0.28                     0.77
2  26  0.1  130.26        0.53             0.01      -0.07        617.70                                 0.28                     0.84
3   6  0.1  134.81        0.53             0.07      -0.01        752.51                                 0.28                     0.91
4   4  0.2  247.49        None             None       None       1000.00                                 0.28                     1.00

alc = 0.06

final score = 0.28

#====================== Results on dataset: 19 ======================#
   A    p       t R_train_A_p R_validation_A_p R_test_A_p  cumulative_t test_score_of_best_algorithm_so_far  normalized_cumulative_t
0  2  0.2  1400.0        None             None       None        1400.0                                None                      1.0

alc = 0.0

final score = 0

#====================== Results on dataset: 20 ======================#
    A    p       t R_train_A_p R_validation_A_p R_test_A_p  cumulative_t test_score_of_best_algorithm_so_far  normalized_cumulative_t
0  18  0.1  1100.0        None             None       None        1100.0                                None                      1.0

alc = 0.0

final score = 0

#====================== Results on dataset: 21 ======================#
    A    p       t R_train_A_p R_validation_A_p R_test_A_p  cumulative_t  test_score_of_best_algorithm_so_far  normalized_cumulative_t
0  18  0.2  346.46        0.98             0.48       0.39        346.46                                 0.39                     0.63
1   4  0.2  487.71        0.97             0.39       0.34        834.17                                 0.39                     0.89
2  26  0.1  172.83        0.87             0.34       0.27       1007.00                                 0.39                     0.95
3  28  0.1  181.06        0.92             0.36        0.3       1188.06                                 0.39                     1.00
4   0  0.2   11.94        None             None       None       1200.00                                 0.39                     1.00

alc = 0.14

final score = 0.39

#====================== Results on dataset: 22 ======================#
    A    p        t R_train_A_p R_validation_A_p R_test_A_p  cumulative_t  test_score_of_best_algorithm_so_far  normalized_cumulative_t
0  18  0.1   359.48        0.79             0.25       0.19        359.48                                 0.19                     0.61
1   4  0.2  1040.52        None             None       None       1400.00                                 0.19                     1.00

alc = 0.07

final score = 0.19

#====================== Results on dataset: 23 ======================#
    A    p       t R_train_A_p R_validation_A_p R_test_A_p  cumulative_t  test_score_of_best_algorithm_so_far  normalized_cumulative_t
0  18  0.2  175.75        0.82             0.35       0.27        175.75                                 0.27                     0.54
1   4  0.1  182.72        0.84             0.36       0.28        358.47                                 0.28                     0.76
2  26  0.2  289.13        0.85             0.42       0.33        647.60                                 0.33                     0.97
3  28  0.1   52.40        None             None       None        700.00                                 0.33                     1.00

alc = 0.13

final score = 0.33

#====================== Results on dataset: 24 ======================#
    A    p       t R_train_A_p R_validation_A_p R_test_A_p  cumulative_t  test_score_of_best_algorithm_so_far  normalized_cumulative_t
0  18  0.2  207.86        0.86             0.38       0.33        207.86                                 0.33                     0.52
1   4  0.1  255.23        0.82              0.3       0.24        463.09                                 0.33                     0.75
2  26  0.2  401.73         0.9             0.47        0.4        864.82                                 0.40                     0.95
3  28  0.2  135.18        None             None       None       1000.00                                 0.40                     1.00

alc = 0.16

final score = 0.4

#====================== Results on dataset: 25 ======================#
    A    p       t R_train_A_p R_validation_A_p R_test_A_p  cumulative_t  test_score_of_best_algorithm_so_far  normalized_cumulative_t
0  18  0.2  319.78        0.79             0.27        0.2        319.78                                 0.20                     0.62
1   4  0.2  284.62        0.79             0.34       0.27        604.40                                 0.27                     0.81
2  26  0.1  146.98        0.89             0.49       0.42        751.38                                 0.42                     0.88
3  28  0.1  348.62        None             None       None       1100.00                                 0.42                     1.00

alc = 0.11

final score = 0.42

#====================== Results on dataset: 26 ======================#
    A    p       t R_train_A_p R_validation_A_p R_test_A_p  cumulative_t  test_score_of_best_algorithm_so_far  normalized_cumulative_t
0  18  0.2  282.06        0.98             0.38       0.29        282.06                                 0.29                     0.59
1   4  0.2  280.05        0.91             0.41       0.34        562.11                                 0.34                     0.79
2  26  0.1  537.89        None             None       None       1100.00                                 0.34                     1.00

alc = 0.13

final score = 0.34

#====================== Results on dataset: 27 ======================#
    A    p       t R_train_A_p R_validation_A_p R_test_A_p  cumulative_t test_score_of_best_algorithm_so_far  normalized_cumulative_t
0  18  0.1  1200.0        None             None       None        1200.0                                None                      1.0

alc = 0.0

final score = 0

#====================== Results on dataset: 28 ======================#
    A    p       t R_train_A_p R_validation_A_p R_test_A_p  cumulative_t  test_score_of_best_algorithm_so_far  normalized_cumulative_t
0  18  0.2  306.25        0.53             0.06       -0.0        306.25                                -0.00                     0.59
1   4  0.1  200.89        0.56             0.01      -0.08        507.14                                -0.00                     0.74
2  26  0.2  276.01        0.72              0.3       0.23        783.15                                 0.23                     0.87
3  28  0.1  140.86        0.66             0.14       0.06        924.01                                 0.23                     0.92
4   0  0.1  135.85        0.48             0.07       0.01       1059.86                                 0.23                     0.96
5   2  0.2  140.14        None             None       None       1200.00                                 0.23                     1.00

alc = 0.03

final score = 0.23

#====================== Results on dataset: 29 ======================#
    A    p       t R_train_A_p R_validation_A_p R_test_A_p  cumulative_t  test_score_of_best_algorithm_so_far  normalized_cumulative_t
0  18  0.1  222.63        0.89             0.37       0.29        222.63                                 0.29                     0.52
1   4  0.1  140.28        0.76             0.36       0.28        362.91                                 0.29                     0.66
2  26  0.1  142.72        0.91             0.45       0.39        505.63                                 0.39                     0.76
3  28  0.2  594.37        None             None       None       1100.00                                 0.39                     1.00

alc = 0.16

final score = 0.39

#====================== Results on dataset: 30 ======================#
    A    p       t R_train_A_p R_validation_A_p R_test_A_p  cumulative_t  test_score_of_best_algorithm_so_far  normalized_cumulative_t
0  18  0.2  355.59         0.8             0.34       0.24        355.59                                 0.24                     0.61
1   4  0.1  240.49        0.87             0.45       0.37        596.08                                 0.37                     0.75
2  26  0.2  706.78        0.92             0.45        0.4       1302.86                                 0.40                     0.98
3  28  0.1   97.14        None             None       None       1400.00                                 0.40                     1.00

alc = 0.13

final score = 0.4

#====================== Results on dataset: 31 ======================#
    A    p       t R_train_A_p R_validation_A_p R_test_A_p  cumulative_t  test_score_of_best_algorithm_so_far  normalized_cumulative_t
0  18  0.1  127.27         0.9             0.41       0.33        127.27                                 0.33                     0.40
1   4  0.1  335.32         0.8             0.34       0.28        462.59                                 0.33                     0.75
2  26  0.1  253.92         1.0             0.42       0.35        716.51                                 0.35                     0.89
3  28  0.2  283.49        None             None       None       1000.00                                 0.35                     1.00

alc = 0.2

final score = 0.35

#====================== Results on dataset: 32 ======================#
    A    p       t R_train_A_p R_validation_A_p R_test_A_p  cumulative_t  test_score_of_best_algorithm_so_far  normalized_cumulative_t
0  18  0.1  226.06        0.81             0.41       0.34        226.06                                 0.34                     0.50
1   4  0.1  164.79         0.9             0.38       0.33        390.85                                 0.34                     0.65
2  26  0.1  136.90        0.78             0.37       0.31        527.75                                 0.34                     0.73
3  28  0.2  524.52        0.82             0.42       0.33       1052.27                                 0.33                     0.94
4   0  0.1  247.73        None             None       None       1300.00                                 0.33                     1.00

alc = 0.17

final score = 0.33

#====================== Results on dataset: 33 ======================#
    A    p       t R_train_A_p R_validation_A_p R_test_A_p  cumulative_t test_score_of_best_algorithm_so_far  normalized_cumulative_t
0  18  0.1  1100.0        None             None       None        1100.0                                None                      1.0

alc = 0.0

final score = 0

#====================== Results on dataset: 34 ======================#
    A    p       t R_train_A_p R_validation_A_p R_test_A_p  cumulative_t  test_score_of_best_algorithm_so_far  normalized_cumulative_t
0  18  0.2  260.90        0.99             0.46       0.36        260.90                                 0.36                     0.54
1   4  0.2  262.56        0.86             0.27       0.18        523.46                                 0.36                     0.73
2  26  0.1  776.54        None             None       None       1300.00                                 0.36                     1.00

alc = 0.17

final score = 0.36

#====================== Results on dataset: 35 ======================#
    A    p       t R_train_A_p R_validation_A_p R_test_A_p  cumulative_t test_score_of_best_algorithm_so_far  normalized_cumulative_t
0  18  0.1  1200.0        None             None       None        1200.0                                None                      1.0

alc = 0.0

final score = 0

#====================== Results on dataset: 36 ======================#
    A    p       t R_train_A_p R_validation_A_p R_test_A_p  cumulative_t  test_score_of_best_algorithm_so_far  normalized_cumulative_t
0  18  0.1  500.65        0.97             0.46       0.39        500.65                                 0.39                     0.78
1   4  0.1  499.35        None             None       None       1000.00                                 0.39                     1.00

alc = 0.09

final score = 0.39

#====================== Results on dataset: 37 ======================#
    A    p      t R_train_A_p R_validation_A_p R_test_A_p  cumulative_t  test_score_of_best_algorithm_so_far  normalized_cumulative_t
0  18  0.1  125.5        0.94             0.39       0.34         125.5                                 0.34                     0.47
1   4  0.2  474.5        None             None       None         600.0                                 0.34                     1.00

alc = 0.18

final score = 0.34

#====================== Results on dataset: 38 ======================#
    A    p       t R_train_A_p R_validation_A_p R_test_A_p  cumulative_t test_score_of_best_algorithm_so_far  normalized_cumulative_t
0  18  0.1  1200.0        None             None       None        1200.0                                None                      1.0

alc = 0.0

final score = 0

#====================== Results on dataset: 39 ======================#
    A    p       t R_train_A_p R_validation_A_p R_test_A_p  cumulative_t test_score_of_best_algorithm_so_far  normalized_cumulative_t
0  18  0.1  1200.0        None             None       None        1200.0                                None                      1.0

alc = 0.0

final score = 0

#====================== Results on dataset: 40 ======================#
    A    p      t R_train_A_p R_validation_A_p R_test_A_p  cumulative_t test_score_of_best_algorithm_so_far  normalized_cumulative_t
0  18  0.2  700.0        None             None       None         700.0                                None                      1.0

alc = 0.0

final score = 0

#====================== Results on dataset: 41 ======================#
    A    p       t R_train_A_p R_validation_A_p R_test_A_p  cumulative_t  test_score_of_best_algorithm_so_far  normalized_cumulative_t
0  18  0.2  200.66        0.86             0.32       0.23        200.66                                 0.23                     0.58
1   2  0.2  180.93        0.82             0.33       0.24        381.59                                 0.24                     0.79
2   4  0.2  145.43        0.84             0.41       0.35        527.02                                 0.35                     0.90
3   6  0.2  172.98        None             None       None        700.00                                 0.35                     1.00

alc = 0.11

final score = 0.35

#====================== Results on dataset: 42 ======================#
    A    p       t R_train_A_p R_validation_A_p R_test_A_p  cumulative_t  test_score_of_best_algorithm_so_far  normalized_cumulative_t
0  18  0.2  704.39         1.0             0.44       0.38        704.39                                 0.38                     0.80
1   2  0.1  175.45        0.95             0.42       0.34        879.84                                 0.38                     0.86
2   4  0.1  233.59        0.94             0.37       0.28       1113.43                                 0.38                     0.93
3   6  0.1  160.63        0.88             0.36       0.26       1274.06                                 0.38                     0.97
4   8  0.1  125.94        None             None       None       1400.00                                 0.38                     1.00

alc = 0.08

final score = 0.38

#====================== Results on dataset: 43 ======================#
    A    p       t R_train_A_p R_validation_A_p R_test_A_p  cumulative_t  test_score_of_best_algorithm_so_far  normalized_cumulative_t
0  18  0.1  118.39        0.85             0.36        0.3        118.39                                  0.3                     0.43
1   2  0.2  148.03        0.74             0.22       0.13        266.42                                  0.3                     0.67
2   4  0.2  357.76        0.76             0.24       0.15        624.18                                  0.3                     0.96
3   6  0.1   75.82        None             None       None        700.00                                  0.3                     1.00

alc = 0.17

final score = 0.3

#====================== Results on dataset: 44 ======================#
    A    p       t R_train_A_p R_validation_A_p R_test_A_p  cumulative_t  test_score_of_best_algorithm_so_far  normalized_cumulative_t
0  18  0.2  259.83        0.94             0.36       0.27        259.83                                 0.27                     0.60
1   2  0.2  366.58         0.9             0.49        0.4        626.41                                 0.40                     0.88
2   4  0.1  101.04        0.82             0.31       0.22        727.45                                 0.40                     0.93
3   6  0.1  100.94        0.75             0.31       0.25        828.39                                 0.40                     0.97
4   8  0.2   71.61        None             None       None        900.00                                 0.40                     1.00

alc = 0.12

final score = 0.4

#====================== Results on dataset: 45 ======================#
    A    p       t R_train_A_p R_validation_A_p R_test_A_p  cumulative_t  test_score_of_best_algorithm_so_far  normalized_cumulative_t
0  18  0.1  135.08        0.89             0.29        0.2        135.08                                 0.20                     0.44
1   2  0.2  229.60        0.97             0.48       0.39        364.68                                 0.39                     0.73
2   4  0.2  328.50        0.83             0.37       0.31        693.18                                 0.39                     0.95
3   6  0.1  106.82        None             None       None        800.00                                 0.39                     1.00

alc = 0.16

final score = 0.39

#====================== Results on dataset: 46 ======================#
    A    p       t R_train_A_p R_validation_A_p R_test_A_p  cumulative_t  test_score_of_best_algorithm_so_far  normalized_cumulative_t
0  18  0.2  659.22        0.76             0.24       0.16        659.22                                 0.16                     0.80
1   2  0.1  436.88        0.65             0.14       0.08       1096.10                                 0.16                     0.95
2   4  0.2  203.90        None             None       None       1300.00                                 0.16                     1.00

alc = 0.03

final score = 0.16

#====================== Results on dataset: 47 ======================#
    A    p       t R_train_A_p R_validation_A_p R_test_A_p  cumulative_t  test_score_of_best_algorithm_so_far  normalized_cumulative_t
0  18  0.1  226.02        0.88             0.34       0.26        226.02                                 0.26                     0.50
1   2  0.2  442.75        0.93             0.35       0.27        668.77                                 0.27                     0.80
2   4  0.2  433.64        0.88             0.48       0.38       1102.41                                 0.38                     0.95
3   6  0.2  197.59        None             None       None       1300.00                                 0.38                     1.00

alc = 0.14

final score = 0.38

#====================== Results on dataset: 48 ======================#
    A    p       t R_train_A_p R_validation_A_p R_test_A_p  cumulative_t  test_score_of_best_algorithm_so_far  normalized_cumulative_t
0  18  0.2  405.83        0.98             0.48       0.42        405.83                                 0.42                     0.85
1   2  0.1  109.50        0.55             0.11       0.06        515.33                                 0.42                     0.94
2   4  0.1   84.67        None             None       None        600.00                                 0.42                     1.00

alc = 0.06

final score = 0.42

#====================== Results on dataset: 49 ======================#
    A    p       t R_train_A_p R_validation_A_p R_test_A_p  cumulative_t test_score_of_best_algorithm_so_far  normalized_cumulative_t
0  18  0.2  1000.0        None             None       None        1000.0                                None                      1.0

alc = 0.0

final score = 0

#====================== Results on dataset: 50 ======================#
    A    p       t R_train_A_p R_validation_A_p R_test_A_p  cumulative_t test_score_of_best_algorithm_so_far  normalized_cumulative_t
0  18  0.2  1400.0        None             None       None        1400.0                                None                      1.0

alc = 0.0

final score = 0

#====================== Results on dataset: 51 ======================#
    A    p      t R_train_A_p R_validation_A_p R_test_A_p  cumulative_t test_score_of_best_algorithm_so_far  normalized_cumulative_t
0  18  0.1  700.0        None             None       None         700.0                                None                      1.0

alc = 0.0

final score = 0

#====================== Results on dataset: 52 ======================#
    A    p        t R_train_A_p R_validation_A_p R_test_A_p  cumulative_t  test_score_of_best_algorithm_so_far  normalized_cumulative_t
0  18  0.1   139.27         0.6             0.01      -0.06        139.27                                -0.06                     0.38
1   2  0.2  1160.73        None             None       None       1300.00                                -0.06                     1.00

alc = -0.04

final score = -0.06

#====================== Results on dataset: 53 ======================#
    A    p       t R_train_A_p R_validation_A_p R_test_A_p  cumulative_t  test_score_of_best_algorithm_so_far  normalized_cumulative_t
0  18  0.1  155.34        0.67             0.23       0.14        155.34                                 0.14                     0.46
1   2  0.2  202.41        0.92             0.46       0.37        357.75                                 0.37                     0.70
2   4  0.1   97.77        0.72             0.31       0.23        455.52                                 0.37                     0.78
3   6  0.1  444.48        None             None       None        900.00                                 0.37                     1.00

alc = 0.14

final score = 0.37

#====================== Results on dataset: 54 ======================#
    A    p       t R_train_A_p R_validation_A_p R_test_A_p  cumulative_t test_score_of_best_algorithm_so_far  normalized_cumulative_t
0  18  0.2  1400.0        None             None       None        1400.0                                None                      1.0

alc = 0.0

final score = 0

#====================== Results on dataset: 55 ======================#
    A    p      t R_train_A_p R_validation_A_p R_test_A_p  cumulative_t test_score_of_best_algorithm_so_far  normalized_cumulative_t
0  18  0.1  800.0        None             None       None         800.0                                None                      1.0

alc = 0.0

final score = 0

#====================== Results on dataset: 56 ======================#
    A    p       t R_train_A_p R_validation_A_p R_test_A_p  cumulative_t  test_score_of_best_algorithm_so_far  normalized_cumulative_t
0  18  0.1  106.66        0.77             0.27        0.2        106.66                                 0.20                     0.36
1   2  0.1  120.48         1.0             0.46       0.37        227.14                                 0.37                     0.55
2   4  0.2  674.29        0.87             0.42       0.35        901.43                                 0.37                     0.97
3   6  0.2   98.57        None             None       None       1000.00                                 0.37                     1.00

alc = 0.2

final score = 0.37

#====================== Results on dataset: 57 ======================#
    A    p       t R_train_A_p R_validation_A_p R_test_A_p  cumulative_t  test_score_of_best_algorithm_so_far  normalized_cumulative_t
0  18  0.1  406.24        0.95             0.39       0.33        406.24                                 0.33                     0.67
1   2  0.2  482.70        0.88              0.4        0.3        888.94                                 0.30                     0.91
2   4  0.1  205.65        0.78             0.37       0.28       1094.59                                 0.30                     0.97
3   6  0.1  105.41        None             None       None       1200.00                                 0.30                     1.00

alc = 0.11

final score = 0.3

#====================== Results on dataset: 58 ======================#
    A    p      t R_train_A_p R_validation_A_p R_test_A_p  cumulative_t test_score_of_best_algorithm_so_far  normalized_cumulative_t
0  18  0.1  600.0        None             None       None         600.0                                None                      1.0

alc = 0.0

final score = 0

#====================== Results on dataset: 59 ======================#
    A    p       t R_train_A_p R_validation_A_p R_test_A_p  cumulative_t  test_score_of_best_algorithm_so_far  normalized_cumulative_t
0  18  0.1  133.57        0.67             0.18        0.1        133.57                                 0.10                     0.42
1   2  0.2  263.82        0.88             0.35       0.28        397.39                                 0.28                     0.73
2   4  0.1  300.16        0.73             0.23       0.13        697.55                                 0.28                     0.91
3   6  0.1  202.45        None             None       None        900.00                                 0.28                     1.00

alc = 0.11

final score = 0.28

#====================== Results on dataset: 60 ======================#
    A    p      t R_train_A_p R_validation_A_p R_test_A_p  cumulative_t test_score_of_best_algorithm_so_far  normalized_cumulative_t
0  18  0.1  800.0        None             None       None         800.0                                None                      1.0

alc = 0.0

final score = 0

#====================== Results on dataset: 61 ======================#
    A    p       t R_train_A_p R_validation_A_p R_test_A_p  cumulative_t test_score_of_best_algorithm_so_far  normalized_cumulative_t
0  18  0.2  1100.0        None             None       None        1100.0                                None                      1.0

alc = 0.0

final score = 0

#====================== Results on dataset: 62 ======================#
    A    p       t R_train_A_p R_validation_A_p R_test_A_p  cumulative_t  test_score_of_best_algorithm_so_far  normalized_cumulative_t
0  18  0.1  184.28        0.84             0.32       0.23        184.28                                 0.23                     0.44
1   2  0.1  182.28        0.58             0.16       0.07        366.56                                 0.23                     0.61
2  26  0.2  560.11        0.75             0.35       0.29        926.67                                 0.29                     0.88
3   0  0.2  473.33        None             None       None       1400.00                                 0.29                     1.00

alc = 0.14

final score = 0.29

#====================== Results on dataset: 63 ======================#
    A    p      t R_train_A_p R_validation_A_p R_test_A_p  cumulative_t test_score_of_best_algorithm_so_far  normalized_cumulative_t
0  18  0.1  600.0        None             None       None         600.0                                None                      1.0

alc = 0.0

final score = 0

#====================== Results on dataset: 64 ======================#
    A    p       t R_train_A_p R_validation_A_p R_test_A_p  cumulative_t test_score_of_best_algorithm_so_far  normalized_cumulative_t
0  18  0.1  1300.0        None             None       None        1300.0                                None                      1.0

alc = 0.0

final score = 0

#====================== Results on dataset: 65 ======================#
    A    p       t R_train_A_p R_validation_A_p R_test_A_p  cumulative_t  test_score_of_best_algorithm_so_far  normalized_cumulative_t
0  18  0.1  206.97        0.87             0.39       0.32        206.97                                 0.32                     0.56
1   2  0.1  403.80        0.93             0.36       0.29        610.77                                 0.32                     0.91
2  26  0.1  160.19        0.71             0.17       0.09        770.96                                 0.32                     0.99
3   0  0.2   29.04        None             None       None        800.00                                 0.32                     1.00

alc = 0.14

final score = 0.32

#====================== Results on dataset: 66 ======================#
    A    p       t R_train_A_p R_validation_A_p R_test_A_p  cumulative_t  test_score_of_best_algorithm_so_far  normalized_cumulative_t
0  18  0.1  551.12        0.81             0.27        0.2        551.12                                 0.20                     0.78
1   2  0.1  124.92         1.0             0.49       0.41        676.04                                 0.41                     0.85
2  26  0.2  318.28        0.96             0.43       0.34        994.32                                 0.41                     0.97
3   0  0.2  105.68        None             None       None       1100.00                                 0.41                     1.00

alc = 0.08

final score = 0.41

#====================== Results on dataset: 67 ======================#
    A    p      t R_train_A_p R_validation_A_p R_test_A_p  cumulative_t test_score_of_best_algorithm_so_far  normalized_cumulative_t
0  18  0.2  800.0        None             None       None         800.0                                None                      1.0

alc = 0.0

final score = 0

#====================== Results on dataset: 68 ======================#
    A    p       t R_train_A_p R_validation_A_p R_test_A_p  cumulative_t test_score_of_best_algorithm_so_far  normalized_cumulative_t
0  18  0.2  1300.0        None             None       None        1300.0                                None                      1.0

alc = 0.0

final score = 0

#====================== Results on dataset: 69 ======================#
    A    p       t R_train_A_p R_validation_A_p R_test_A_p  cumulative_t  test_score_of_best_algorithm_so_far  normalized_cumulative_t
0  18  0.2  247.83        0.83             0.41       0.36        247.83                                 0.36                     0.55
1   2  0.2  555.20        0.95             0.38       0.32        803.03                                 0.36                     0.90
2  26  0.1  296.97        None             None       None       1100.00                                 0.36                     1.00

alc = 0.16

final score = 0.36

#====================== Results on dataset: 70 ======================#
    A    p       t R_train_A_p R_validation_A_p R_test_A_p  cumulative_t  test_score_of_best_algorithm_so_far  normalized_cumulative_t
0  18  0.1  111.89        0.88             0.42       0.34        111.89                                 0.34                     0.37
1   2  0.1  171.85        0.92             0.44       0.37        283.74                                 0.37                     0.61
2  26  0.1  128.01         1.0             0.42       0.37        411.75                                 0.37                     0.72
3   0  0.1  174.14        0.82             0.41       0.32        585.89                                 0.37                     0.83
4   4  0.2  414.11        None             None       None       1000.00                                 0.37                     1.00

alc = 0.23

final score = 0.37

#====================== Results on dataset: 71 ======================#
    A    p       t R_train_A_p R_validation_A_p R_test_A_p  cumulative_t  test_score_of_best_algorithm_so_far  normalized_cumulative_t
0  18  0.2  172.82        0.83             0.36        0.3        172.82                                  0.3                     0.57
1   2  0.1  124.80        0.91             0.31       0.25        297.62                                  0.3                     0.74
2  26  0.2  302.38        None             None       None        600.00                                  0.3                     1.00

alc = 0.13

final score = 0.3

#====================== Results on dataset: 72 ======================#
    A    p      t R_train_A_p R_validation_A_p R_test_A_p  cumulative_t test_score_of_best_algorithm_so_far  normalized_cumulative_t
0  18  0.2  900.0        None             None       None         900.0                                None                      1.0

alc = 0.0

final score = 0

#====================== Results on dataset: 73 ======================#
    A    p       t R_train_A_p R_validation_A_p R_test_A_p  cumulative_t  test_score_of_best_algorithm_so_far  normalized_cumulative_t
0  18  0.1   92.95        0.53             0.02      -0.06         92.95                                -0.06                     0.39
1   2  0.1   60.93        0.66             0.09       0.02        153.88                                 0.02                     0.53
2  26  0.2  446.12        None             None       None        600.00                                 0.02                     1.00

alc = 0.0

final score = 0.02

#====================== Results on dataset: 74 ======================#
    A    p       t R_train_A_p R_validation_A_p R_test_A_p  cumulative_t  test_score_of_best_algorithm_so_far  normalized_cumulative_t
0  18  0.1  507.62        0.97             0.42       0.37        507.62                                 0.37                     0.78
1   2  0.2  492.38        None             None       None       1000.00                                 0.37                     1.00

alc = 0.08

final score = 0.37

#====================== Results on dataset: 75 ======================#
    A    p       t R_train_A_p R_validation_A_p R_test_A_p  cumulative_t  test_score_of_best_algorithm_so_far  normalized_cumulative_t
0  18  0.2  301.25        0.85             0.43       0.34        301.25                                 0.34                     0.59
1   2  0.1  305.49        0.81             0.41       0.36        606.74                                 0.34                     0.79
2  26  0.2  276.63        0.79              0.3       0.23        883.37                                 0.34                     0.90
3   0  0.1  316.63        None             None       None       1200.00                                 0.34                     1.00

alc = 0.14

final score = 0.34

#====================== Results on dataset: 76 ======================#
    A    p       t R_train_A_p R_validation_A_p R_test_A_p  cumulative_t  test_score_of_best_algorithm_so_far  normalized_cumulative_t
0  18  0.2  454.75        0.91             0.44       0.38        454.75                                 0.38                     0.78
1   2  0.1  304.93        0.65             0.07       0.01        759.68                                 0.38                     0.94
2  26  0.2  140.32        None             None       None        900.00                                 0.38                     1.00

alc = 0.08

final score = 0.38

#====================== Results on dataset: 77 ======================#
    A    p       t R_train_A_p R_validation_A_p R_test_A_p  cumulative_t  test_score_of_best_algorithm_so_far  normalized_cumulative_t
0  18  0.2  134.34        0.85             0.37       0.31        134.34                                 0.31                     0.49
1   2  0.2  154.47        0.94             0.48        0.4        288.81                                 0.40                     0.73
2  26  0.2  154.12        0.98             0.45       0.38        442.93                                 0.40                     0.89
3   0  0.1  157.07        None             None       None        600.00                                 0.40                     1.00

alc = 0.18

final score = 0.4

#====================== Results on dataset: 78 ======================#
    A    p       t R_train_A_p R_validation_A_p R_test_A_p  cumulative_t  test_score_of_best_algorithm_so_far  normalized_cumulative_t
0  18  0.1   77.12         1.0             0.51       0.44         77.12                                 0.44                     0.33
1   2  0.2  158.37        0.93             0.33       0.28        235.49                                 0.44                     0.63
2  26  0.2  357.53        0.77             0.35       0.28        593.02                                 0.44                     0.94
3   0  0.1  105.56        0.78             0.37       0.32        698.58                                 0.44                     1.00
4   4  0.1    1.42        None             None       None        700.00                                 0.44                     1.00

alc = 0.29

final score = 0.44

#====================== Results on dataset: 79 ======================#
    A    p       t R_train_A_p R_validation_A_p R_test_A_p  cumulative_t test_score_of_best_algorithm_so_far  normalized_cumulative_t
0  18  0.2  1000.0        None             None       None        1000.0                                None                      1.0

alc = 0.0

final score = 0

#====================== Results on dataset: 80 ======================#
    A    p       t R_train_A_p R_validation_A_p R_test_A_p  cumulative_t  test_score_of_best_algorithm_so_far  normalized_cumulative_t
0  18  0.1  119.50        0.89             0.33       0.25        119.50                                 0.25                     0.40
1   0  0.2  367.09        0.73             0.18       0.08        486.59                                 0.25                     0.80
2   2  0.1  151.92         0.8             0.32       0.24        638.51                                 0.25                     0.89
3   4  0.1  261.49        None             None       None        900.00                                 0.25                     1.00

alc = 0.15

final score = 0.25

#====================== Results on dataset: 81 ======================#
    A    p       t R_train_A_p R_validation_A_p R_test_A_p  cumulative_t  test_score_of_best_algorithm_so_far  normalized_cumulative_t
0  18  0.2  158.79        0.54             0.07        0.0        158.79                                 0.00                     0.51
1   0  0.1  237.37        0.63             0.06      -0.02        396.16                                 0.00                     0.80
2   2  0.1  240.66        0.81             0.22       0.14        636.82                                 0.14                     0.97
3   4  0.1   63.18        None             None       None        700.00                                 0.14                     1.00

alc = 0.0

final score = 0.14

#====================== Results on dataset: 82 ======================#
    A    p       t R_train_A_p R_validation_A_p R_test_A_p  cumulative_t  test_score_of_best_algorithm_so_far  normalized_cumulative_t
0  18  0.2  154.03        0.84             0.42       0.36        154.03                                 0.36                     0.53
1   0  0.2  142.86         0.9             0.42       0.33        296.89                                 0.33                     0.74
2   2  0.1   60.10         1.0             0.46       0.39        356.99                                 0.39                     0.81
3   4  0.2  243.01        None             None       None        600.00                                 0.39                     1.00

alc = 0.17

final score = 0.39

#====================== Results on dataset: 83 ======================#
    A    p       t R_train_A_p R_validation_A_p R_test_A_p  cumulative_t  test_score_of_best_algorithm_so_far  normalized_cumulative_t
0  18  0.1  508.38        0.46             0.02      -0.05        508.38                                -0.05                     0.78
1   0  0.1  147.62        0.56             0.01      -0.06        656.00                                -0.05                     0.86
2   2  0.1  100.15        0.57             0.09      -0.01        756.15                                -0.01                     0.91
3   4  0.1  107.96        0.62             0.07       0.01        864.11                                -0.01                     0.95
4   6  0.2  135.89        None             None       None       1000.00                                -0.01                     1.00

alc = -0.01

final score = -0.01

#====================== Results on dataset: 84 ======================#
    A    p      t R_train_A_p R_validation_A_p R_test_A_p  cumulative_t  test_score_of_best_algorithm_so_far  normalized_cumulative_t
0  18  0.1  656.7        0.61              0.2       0.13         656.7                                 0.13                     0.79
1   0  0.1  643.3        None             None       None        1300.0                                 0.13                     1.00

alc = 0.03

final score = 0.13

#====================== Results on dataset: 85 ======================#
    A    p       t R_train_A_p R_validation_A_p R_test_A_p  cumulative_t  test_score_of_best_algorithm_so_far  normalized_cumulative_t
0  18  0.1  553.17        0.89             0.41       0.31        553.17                                 0.31                     0.78
1   0  0.2  372.35        0.92              0.4       0.32        925.52                                 0.31                     0.94
2   2  0.1  141.22        0.89             0.41       0.33       1066.74                                 0.33                     0.99
3   4  0.1   33.26        None             None       None       1100.00                                 0.33                     1.00

alc = 0.07

final score = 0.33

#====================== Results on dataset: 86 ======================#
    A    p       t R_train_A_p R_validation_A_p R_test_A_p  cumulative_t  test_score_of_best_algorithm_so_far  normalized_cumulative_t
0  18  0.2  347.90         1.0             0.48        0.4        347.90                                 0.40                     0.63
1   0  0.2  273.66         1.0             0.48       0.43        621.56                                 0.43                     0.80
2   2  0.1  578.44        None             None       None       1200.00                                 0.43                     1.00

alc = 0.15

final score = 0.43

#====================== Results on dataset: 87 ======================#
    A    p       t R_train_A_p R_validation_A_p R_test_A_p  cumulative_t  test_score_of_best_algorithm_so_far  normalized_cumulative_t
0  18  0.1  281.45        0.63             0.19        0.1        281.45                                 0.10                     0.59
1   0  0.1  281.01         0.8             0.37       0.31        562.46                                 0.31                     0.79
2   2  0.1  537.54        None             None       None       1100.00                                 0.31                     1.00

alc = 0.09

final score = 0.31

#====================== Results on dataset: 88 ======================#
    A    p       t R_train_A_p R_validation_A_p R_test_A_p  cumulative_t  test_score_of_best_algorithm_so_far  normalized_cumulative_t
0  18  0.1  241.01        0.86              0.4       0.31        241.01                                 0.31                     0.64
1   0  0.2  147.05        0.94             0.43       0.38        388.06                                 0.38                     0.79
2   2  0.1  233.44        0.92             0.36       0.26        621.50                                 0.38                     0.96
3   4  0.1   78.50        None             None       None        700.00                                 0.38                     1.00

alc = 0.13

final score = 0.38

#====================== Results on dataset: 89 ======================#
    A    p       t R_train_A_p R_validation_A_p R_test_A_p  cumulative_t  test_score_of_best_algorithm_so_far  normalized_cumulative_t
0  18  0.2  409.22        0.91             0.32       0.24        409.22                                 0.24                     0.72
1   0  0.2  337.46        0.95             0.43       0.37        746.68                                 0.37                     0.90
2   2  0.2  253.32        None             None       None       1000.00                                 0.37                     1.00

alc = 0.08

final score = 0.37

#====================== Results on dataset: 90 ======================#
    A    p       t R_train_A_p R_validation_A_p R_test_A_p  cumulative_t  test_score_of_best_algorithm_so_far  normalized_cumulative_t
0  18  0.2  704.26         1.0             0.49        0.4        704.26                                  0.4                      0.8
1   0  0.2  695.74        None             None       None       1400.00                                  0.4                      1.0

alc = 0.08

final score = 0.4

#====================== Results on dataset: 91 ======================#
    A    p       t R_train_A_p R_validation_A_p R_test_A_p  cumulative_t  test_score_of_best_algorithm_so_far  normalized_cumulative_t
0  18  0.2  243.06        0.74             0.27       0.19        243.06                                 0.19                     0.64
1   0  0.1   74.52        0.89             0.34       0.25        317.58                                 0.25                     0.72
2   2  0.1  117.80        0.92             0.49        0.4        435.38                                 0.40                     0.83
3   4  0.1  148.13        0.88             0.39       0.31        583.51                                 0.40                     0.93
4   6  0.1  116.49        None             None       None        700.00                                 0.40                     1.00

alc = 0.11

final score = 0.4

#====================== Results on dataset: 92 ======================#
    A    p      t R_train_A_p R_validation_A_p R_test_A_p  cumulative_t test_score_of_best_algorithm_so_far  normalized_cumulative_t
0  18  0.1  900.0        None             None       None         900.0                                None                      1.0

alc = 0.0

final score = 0

#====================== Results on dataset: 93 ======================#
    A    p       t R_train_A_p R_validation_A_p R_test_A_p  cumulative_t  test_score_of_best_algorithm_so_far  normalized_cumulative_t
0  18  0.2  236.09        0.81             0.35       0.28        236.09                                 0.28                     0.63
1   0  0.2  463.91        None             None       None        700.00                                 0.28                     1.00

alc = 0.1

final score = 0.28

#====================== Results on dataset: 94 ======================#
    A    p       t R_train_A_p R_validation_A_p R_test_A_p  cumulative_t  test_score_of_best_algorithm_so_far  normalized_cumulative_t
0  18  0.1  162.40        0.83             0.41       0.35        162.40                                 0.35                     0.49
1   0  0.2  533.59         1.0             0.48       0.41        695.99                                 0.41                     0.95
2   2  0.2  104.01        None             None       None        800.00                                 0.41                     1.00

alc = 0.18

final score = 0.41

#====================== Results on dataset: 95 ======================#
    A    p       t R_train_A_p R_validation_A_p R_test_A_p  cumulative_t  test_score_of_best_algorithm_so_far  normalized_cumulative_t
0  18  0.1  659.26        0.88             0.44       0.36        659.26                                 0.36                     0.80
1   0  0.1  437.68        0.93             0.34       0.28       1096.94                                 0.36                     0.95
2   2  0.2  203.06        None             None       None       1300.00                                 0.36                     1.00

alc = 0.07

final score = 0.36

#====================== Results on dataset: 96 ======================#
    A    p      t R_train_A_p R_validation_A_p R_test_A_p  cumulative_t  test_score_of_best_algorithm_so_far  normalized_cumulative_t
0  18  0.1  400.9        0.85             0.42       0.37         400.9                                 0.37                     0.77
1   0  0.2  399.1        None             None       None         800.0                                 0.37                     1.00

alc = 0.09

final score = 0.37

#====================== Results on dataset: 97 ======================#
    A    p       t R_train_A_p R_validation_A_p R_test_A_p  cumulative_t  test_score_of_best_algorithm_so_far  normalized_cumulative_t
0  18  0.2  226.45        0.77             0.32       0.25        226.45                                 0.25                     0.56
1   0  0.1  108.42        0.93              0.5       0.43        334.87                                 0.43                     0.68
2   2  0.2  565.13        None             None       None        900.00                                 0.43                     1.00

alc = 0.17

final score = 0.43

#====================== Results on dataset: 98 ======================#
    A    p       t R_train_A_p R_validation_A_p R_test_A_p  cumulative_t  test_score_of_best_algorithm_so_far  normalized_cumulative_t
0  18  0.1  500.36        0.82             0.34       0.26        500.36                                 0.26                     0.78
1   0  0.2  341.30        0.94             0.49       0.41        841.66                                 0.41                     0.94
2   2  0.1  107.24        0.95             0.52       0.45        948.90                                 0.45                     0.98
3   4  0.2   51.10        None             None       None       1000.00                                 0.45                     1.00

alc = 0.07

final score = 0.45

#====================== Results on dataset: 99 ======================#
    A    p       t R_train_A_p R_validation_A_p R_test_A_p  cumulative_t  test_score_of_best_algorithm_so_far  normalized_cumulative_t
0  18  0.2  475.91        0.68             0.12       0.05        475.91                                 0.05                     0.69
1   0  0.2  702.37        0.71             0.18       0.09       1178.28                                 0.09                     0.95
2   2  0.2  221.72        None             None       None       1400.00                                 0.09                     1.00

alc = 0.02

final score = 0.09

[+] Write agent's learning curve visualizations to /Users/cyd/Documents/GitHub/metaLC/starting_kit/output/scores.html

######################################## FINAL AVERAGE RESULTS ########################################

average_ALC = 0.08

average_final_score = 0.23

[+]Finished running scoring program
